
*** Running vivado
    with args -log Top.vdi -applog -m64 -product Vivado -messageDb vivado.pb -mode batch -source Top.tcl -notrace



****** Vivado v2021.1 (64-bit)
  **** SW Build 3247384 on Thu Jun 10 19:36:33 MDT 2021
  **** IP Build 3246043 on Fri Jun 11 00:30:35 MDT 2021
    ** Copyright 1986-2021 Xilinx, Inc. All Rights Reserved.

source Top.tcl -notrace
Command: link_design -top Top -part xc7a35tcpg236-1
Design is defaulting to srcset: sources_1
Design is defaulting to constrset: constrs_1
INFO: [Device 21-403] Loading part xc7a35tcpg236-1
INFO: [Project 1-454] Reading design checkpoint 'd:/File/NTHU/2A/verilog/G14_Final_project/G14_Final_project.gen/sources_1/ip/blk_mem_gen_0/blk_mem_gen_0.dcp' for cell '_mouse_screen/pixel_gen_inst/blk_mem_gen_0_inst'
INFO: [Project 1-454] Reading design checkpoint 'd:/File/NTHU/2A/verilog/G14_Final_project/G14_Final_project.gen/sources_1/ip/blk_mem_gen_10/blk_mem_gen_10.dcp' for cell '_mouse_screen/pixel_gen_inst/blk_mem_gen_10_inst'
INFO: [Project 1-454] Reading design checkpoint 'd:/File/NTHU/2A/verilog/G14_Final_project/G14_Final_project.gen/sources_1/ip/blk_mem_gen_11/blk_mem_gen_11.dcp' for cell '_mouse_screen/pixel_gen_inst/blk_mem_gen_11_inst'
INFO: [Project 1-454] Reading design checkpoint 'd:/File/NTHU/2A/verilog/G14_Final_project/G14_Final_project.gen/sources_1/ip/blk_mem_gen_12/blk_mem_gen_12.dcp' for cell '_mouse_screen/pixel_gen_inst/blk_mem_gen_12_inst'
INFO: [Project 1-454] Reading design checkpoint 'd:/File/NTHU/2A/verilog/G14_Final_project/G14_Final_project.gen/sources_1/ip/blk_mem_gen_13/blk_mem_gen_13.dcp' for cell '_mouse_screen/pixel_gen_inst/blk_mem_gen_13_inst'
INFO: [Project 1-454] Reading design checkpoint 'd:/File/NTHU/2A/verilog/G14_Final_project/G14_Final_project.gen/sources_1/ip/blk_mem_gen_14/blk_mem_gen_14.dcp' for cell '_mouse_screen/pixel_gen_inst/blk_mem_gen_14_inst'
INFO: [Project 1-454] Reading design checkpoint 'd:/File/NTHU/2A/verilog/G14_Final_project/G14_Final_project.gen/sources_1/ip/blk_mem_gen_15/blk_mem_gen_15.dcp' for cell '_mouse_screen/pixel_gen_inst/blk_mem_gen_15_inst'
INFO: [Project 1-454] Reading design checkpoint 'd:/File/NTHU/2A/verilog/G14_Final_project/G14_Final_project.gen/sources_1/ip/blk_mem_gen_16/blk_mem_gen_16.dcp' for cell '_mouse_screen/pixel_gen_inst/blk_mem_gen_16_inst'
INFO: [Project 1-454] Reading design checkpoint 'd:/File/NTHU/2A/verilog/G14_Final_project/G14_Final_project.gen/sources_1/ip/blk_mem_gen_17/blk_mem_gen_17.dcp' for cell '_mouse_screen/pixel_gen_inst/blk_mem_gen_17_inst'
INFO: [Project 1-454] Reading design checkpoint 'd:/File/NTHU/2A/verilog/G14_Final_project/G14_Final_project.gen/sources_1/ip/blk_mem_gen_18/blk_mem_gen_18.dcp' for cell '_mouse_screen/pixel_gen_inst/blk_mem_gen_18_inst'
INFO: [Project 1-454] Reading design checkpoint 'd:/File/NTHU/2A/verilog/G14_Final_project/G14_Final_project.gen/sources_1/ip/blk_mem_gen_19/blk_mem_gen_19.dcp' for cell '_mouse_screen/pixel_gen_inst/blk_mem_gen_19_inst'
INFO: [Project 1-454] Reading design checkpoint 'd:/File/NTHU/2A/verilog/G14_Final_project/G14_Final_project.gen/sources_1/ip/blk_mem_gen_1/blk_mem_gen_1.dcp' for cell '_mouse_screen/pixel_gen_inst/blk_mem_gen_1_inst'
INFO: [Project 1-454] Reading design checkpoint 'd:/File/NTHU/2A/verilog/G14_Final_project/G14_Final_project.gen/sources_1/ip/blk_mem_gen_20/blk_mem_gen_20.dcp' for cell '_mouse_screen/pixel_gen_inst/blk_mem_gen_20_inst'
INFO: [Project 1-454] Reading design checkpoint 'd:/File/NTHU/2A/verilog/G14_Final_project/G14_Final_project.gen/sources_1/ip/blk_mem_gen_21/blk_mem_gen_21.dcp' for cell '_mouse_screen/pixel_gen_inst/blk_mem_gen_21_inst'
INFO: [Project 1-454] Reading design checkpoint 'd:/File/NTHU/2A/verilog/G14_Final_project/G14_Final_project.gen/sources_1/ip/blk_mem_gen_22/blk_mem_gen_22.dcp' for cell '_mouse_screen/pixel_gen_inst/blk_mem_gen_22_inst'
INFO: [Project 1-454] Reading design checkpoint 'd:/File/NTHU/2A/verilog/G14_Final_project/G14_Final_project.gen/sources_1/ip/blk_mem_gen_23/blk_mem_gen_23.dcp' for cell '_mouse_screen/pixel_gen_inst/blk_mem_gen_23_inst'
INFO: [Project 1-454] Reading design checkpoint 'd:/File/NTHU/2A/verilog/G14_Final_project/G14_Final_project.gen/sources_1/ip/blk_mem_gen_24/blk_mem_gen_24.dcp' for cell '_mouse_screen/pixel_gen_inst/blk_mem_gen_24_inst'
INFO: [Project 1-454] Reading design checkpoint 'd:/File/NTHU/2A/verilog/G14_Final_project/G14_Final_project.gen/sources_1/ip/blk_mem_gen_25/blk_mem_gen_25.dcp' for cell '_mouse_screen/pixel_gen_inst/blk_mem_gen_25_inst'
INFO: [Project 1-454] Reading design checkpoint 'd:/File/NTHU/2A/verilog/G14_Final_project/G14_Final_project.gen/sources_1/ip/blk_mem_gen_26/blk_mem_gen_26.dcp' for cell '_mouse_screen/pixel_gen_inst/blk_mem_gen_26_inst'
INFO: [Project 1-454] Reading design checkpoint 'd:/File/NTHU/2A/verilog/G14_Final_project/G14_Final_project.gen/sources_1/ip/blk_mem_gen_27/blk_mem_gen_27.dcp' for cell '_mouse_screen/pixel_gen_inst/blk_mem_gen_27_inst'
INFO: [Project 1-454] Reading design checkpoint 'd:/File/NTHU/2A/verilog/G14_Final_project/G14_Final_project.gen/sources_1/ip/blk_mem_gen_2/blk_mem_gen_2.dcp' for cell '_mouse_screen/pixel_gen_inst/blk_mem_gen_2_inst'
INFO: [Project 1-454] Reading design checkpoint 'd:/File/NTHU/2A/verilog/G14_Final_project/G14_Final_project.gen/sources_1/ip/blk_mem_gen_3/blk_mem_gen_3.dcp' for cell '_mouse_screen/pixel_gen_inst/blk_mem_gen_3_inst'
INFO: [Project 1-454] Reading design checkpoint 'd:/File/NTHU/2A/verilog/G14_Final_project/G14_Final_project.gen/sources_1/ip/blk_mem_gen_4/blk_mem_gen_4.dcp' for cell '_mouse_screen/pixel_gen_inst/blk_mem_gen_4_inst'
INFO: [Project 1-454] Reading design checkpoint 'd:/File/NTHU/2A/verilog/G14_Final_project/G14_Final_project.gen/sources_1/ip/blk_mem_gen_5/blk_mem_gen_5.dcp' for cell '_mouse_screen/pixel_gen_inst/blk_mem_gen_5_inst'
INFO: [Project 1-454] Reading design checkpoint 'd:/File/NTHU/2A/verilog/G14_Final_project/G14_Final_project.gen/sources_1/ip/blk_mem_gen_6/blk_mem_gen_6.dcp' for cell '_mouse_screen/pixel_gen_inst/blk_mem_gen_6_inst'
INFO: [Project 1-454] Reading design checkpoint 'd:/File/NTHU/2A/verilog/G14_Final_project/G14_Final_project.gen/sources_1/ip/blk_mem_gen_7/blk_mem_gen_7.dcp' for cell '_mouse_screen/pixel_gen_inst/blk_mem_gen_7_inst'
INFO: [Project 1-454] Reading design checkpoint 'd:/File/NTHU/2A/verilog/G14_Final_project/G14_Final_project.gen/sources_1/ip/blk_mem_gen_8_1/blk_mem_gen_8.dcp' for cell '_mouse_screen/pixel_gen_inst/blk_mem_gen_8_inst'
INFO: [Project 1-454] Reading design checkpoint 'd:/File/NTHU/2A/verilog/G14_Final_project/G14_Final_project.gen/sources_1/ip/blk_mem_gen_9/blk_mem_gen_9.dcp' for cell '_mouse_screen/pixel_gen_inst/blk_mem_gen_9_inst'
Netlist sorting complete. Time (s): cpu = 00:00:00 ; elapsed = 00:00:00.114 . Memory (MB): peak = 1132.738 ; gain = 0.000
INFO: [Netlist 29-17] Analyzing 319 Unisim elements for replacement
INFO: [Netlist 29-28] Unisim Transformation completed in 0 CPU seconds
INFO: [Project 1-479] Netlist was created with Vivado 2021.1
INFO: [Project 1-570] Preparing netlist for logic optimization
Parsing XDC File [D:/File/NTHU/2A/verilog/G14_Final_project/G14_Final_project.srcs/constrs_1/new/Basys3_Master.xdc]
Finished Parsing XDC File [D:/File/NTHU/2A/verilog/G14_Final_project/G14_Final_project.srcs/constrs_1/new/Basys3_Master.xdc]
INFO: [Opt 31-138] Pushed 0 inverter(s) to 0 load pin(s).
Netlist sorting complete. Time (s): cpu = 00:00:00 ; elapsed = 00:00:00.003 . Memory (MB): peak = 1132.738 ; gain = 0.000
INFO: [Project 1-111] Unisim Transformation Summary:
  A total of 2 instances were transformed.
  IOBUF => IOBUF (IBUF, OBUFT): 2 instances

35 Infos, 0 Warnings, 0 Critical Warnings and 0 Errors encountered.
link_design completed successfully
link_design: Time (s): cpu = 00:00:07 ; elapsed = 00:00:08 . Memory (MB): peak = 1132.738 ; gain = 0.000
Command: opt_design
Attempting to get a license for feature 'Implementation' and/or device 'xc7a35t'
INFO: [Common 17-349] Got license for feature 'Implementation' and/or device 'xc7a35t'
Running DRC as a precondition to command opt_design

Starting DRC Task
INFO: [DRC 23-27] Running DRC with 2 threads
INFO: [Project 1-461] DRC finished with 0 Errors
INFO: [Project 1-462] Please refer to the DRC report (report_drc) for more information.

Time (s): cpu = 00:00:02 ; elapsed = 00:00:01 . Memory (MB): peak = 1132.738 ; gain = 0.000

Starting Cache Timing Information Task
INFO: [Timing 38-35] Done setting XDC timing constraints.
Ending Cache Timing Information Task | Checksum: 1c43e3866

Time (s): cpu = 00:00:08 ; elapsed = 00:00:08 . Memory (MB): peak = 1434.039 ; gain = 301.301

Starting Logic Optimization Task

Phase 1 Retarget
INFO: [Opt 31-138] Pushed 0 inverter(s) to 0 load pin(s).
INFO: [Opt 31-49] Retargeted 0 cell(s).
Phase 1 Retarget | Checksum: bb8cc284

Time (s): cpu = 00:00:00 ; elapsed = 00:00:00.197 . Memory (MB): peak = 1651.559 ; gain = 0.000
INFO: [Opt 31-389] Phase Retarget created 0 cells and removed 4 cells

Phase 2 Constant propagation
INFO: [Opt 31-138] Pushed 0 inverter(s) to 0 load pin(s).
Phase 2 Constant propagation | Checksum: ede57c8c

Time (s): cpu = 00:00:00 ; elapsed = 00:00:00.234 . Memory (MB): peak = 1651.559 ; gain = 0.000
INFO: [Opt 31-389] Phase Constant propagation created 0 cells and removed 0 cells

Phase 3 Sweep
Phase 3 Sweep | Checksum: 17dbf1b6e

Time (s): cpu = 00:00:00 ; elapsed = 00:00:00.325 . Memory (MB): peak = 1651.559 ; gain = 0.000
INFO: [Opt 31-389] Phase Sweep created 0 cells and removed 0 cells

Phase 4 BUFG optimization
Phase 4 BUFG optimization | Checksum: 17dbf1b6e

Time (s): cpu = 00:00:00 ; elapsed = 00:00:00.403 . Memory (MB): peak = 1651.559 ; gain = 0.000
INFO: [Opt 31-662] Phase BUFG optimization created 0 cells of which 0 are BUFGs and removed 0 cells.

Phase 5 Shift Register Optimization
INFO: [Opt 31-1064] SRL Remap converted 0 SRLs to 0 registers and converted 0 registers of register chains to 0 SRLs
Phase 5 Shift Register Optimization | Checksum: 17dbf1b6e

Time (s): cpu = 00:00:00 ; elapsed = 00:00:00.413 . Memory (MB): peak = 1651.559 ; gain = 0.000
INFO: [Opt 31-389] Phase Shift Register Optimization created 0 cells and removed 0 cells

Phase 6 Post Processing Netlist
Phase 6 Post Processing Netlist | Checksum: 17dbf1b6e

Time (s): cpu = 00:00:00 ; elapsed = 00:00:00.427 . Memory (MB): peak = 1651.559 ; gain = 0.000
INFO: [Opt 31-389] Phase Post Processing Netlist created 0 cells and removed 0 cells
Opt_design Change Summary
=========================


-------------------------------------------------------------------------------------------------------------------------
|  Phase                        |  #Cells created  |  #Cells Removed  |  #Constrained objects preventing optimizations  |
-------------------------------------------------------------------------------------------------------------------------
|  Retarget                     |               0  |               4  |                                              0  |
|  Constant propagation         |               0  |               0  |                                              0  |
|  Sweep                        |               0  |               0  |                                              0  |
|  BUFG optimization            |               0  |               0  |                                              0  |
|  Shift Register Optimization  |               0  |               0  |                                              0  |
|  Post Processing Netlist      |               0  |               0  |                                              0  |
-------------------------------------------------------------------------------------------------------------------------



Starting Connectivity Check Task

Time (s): cpu = 00:00:00 ; elapsed = 00:00:00.009 . Memory (MB): peak = 1651.559 ; gain = 0.000
Ending Logic Optimization Task | Checksum: f8033672

Time (s): cpu = 00:00:01 ; elapsed = 00:00:00.532 . Memory (MB): peak = 1651.559 ; gain = 0.000

Starting Power Optimization Task
INFO: [Pwropt 34-132] Skipping clock gating for clocks with a period < 2.00 ns.
INFO: [Timing 38-35] Done setting XDC timing constraints.
Running Vector-less Activity Propagation...

Finished Running Vector-less Activity Propagation
INFO: [Pwropt 34-9] Applying IDT optimizations ...
INFO: [Pwropt 34-10] Applying ODC optimizations ...


Starting PowerOpt Patch Enables Task
INFO: [Pwropt 34-162] WRITE_MODE attribute of 0 BRAM(s) out of a total of 56 has been updated to save power. Run report_power_opt to get a complete listing of the BRAMs updated.
INFO: [Pwropt 34-201] Structural ODC has moved 0 WE to EN ports
Number of BRAM Ports augmented: 0 newly gated: 0 Total Ports: 112
Ending PowerOpt Patch Enables Task | Checksum: f8033672

Time (s): cpu = 00:00:00 ; elapsed = 00:00:00.184 . Memory (MB): peak = 1763.340 ; gain = 0.000
Ending Power Optimization Task | Checksum: f8033672

Time (s): cpu = 00:00:06 ; elapsed = 00:00:05 . Memory (MB): peak = 1763.340 ; gain = 111.781

Starting Final Cleanup Task
Ending Final Cleanup Task | Checksum: f8033672

Time (s): cpu = 00:00:00 ; elapsed = 00:00:00 . Memory (MB): peak = 1763.340 ; gain = 0.000

Starting Netlist Obfuscation Task
Netlist sorting complete. Time (s): cpu = 00:00:00 ; elapsed = 00:00:00.003 . Memory (MB): peak = 1763.340 ; gain = 0.000
Ending Netlist Obfuscation Task | Checksum: f8033672

Time (s): cpu = 00:00:00 ; elapsed = 00:00:00.003 . Memory (MB): peak = 1763.340 ; gain = 0.000
INFO: [Common 17-83] Releasing license: Implementation
57 Infos, 0 Warnings, 0 Critical Warnings and 0 Errors encountered.
opt_design completed successfully
opt_design: Time (s): cpu = 00:00:19 ; elapsed = 00:00:17 . Memory (MB): peak = 1763.340 ; gain = 630.602
INFO: [Timing 38-480] Writing timing data to binary archive.
Writing placer database...
Writing XDEF routing.
Writing XDEF routing logical nets.
Writing XDEF routing special nets.
Write XDEF Complete: Time (s): cpu = 00:00:00 ; elapsed = 00:00:00.046 . Memory (MB): peak = 1763.340 ; gain = 0.000
INFO: [Common 17-1381] The checkpoint 'D:/File/NTHU/2A/verilog/G14_Final_project/G14_Final_project.runs/impl_1/Top_opt.dcp' has been generated.
INFO: [runtcl-4] Executing : report_drc -file Top_drc_opted.rpt -pb Top_drc_opted.pb -rpx Top_drc_opted.rpx
Command: report_drc -file Top_drc_opted.rpt -pb Top_drc_opted.pb -rpx Top_drc_opted.rpx
INFO: [IP_Flow 19-1839] IP Catalog is up to date.
INFO: [Timing 38-35] Done setting XDC timing constraints.
INFO: [DRC 23-27] Running DRC with 2 threads
INFO: [Vivado_Tcl 2-168] The results of DRC are in file D:/File/NTHU/2A/verilog/G14_Final_project/G14_Final_project.runs/impl_1/Top_drc_opted.rpt.
report_drc completed successfully
Command: place_design
Attempting to get a license for feature 'Implementation' and/or device 'xc7a35t'
INFO: [Common 17-349] Got license for feature 'Implementation' and/or device 'xc7a35t'
INFO: [DRC 23-27] Running DRC with 2 threads
INFO: [Vivado_Tcl 4-198] DRC finished with 0 Errors
INFO: [Vivado_Tcl 4-199] Please refer to the DRC report (report_drc) for more information.
Running DRC as a precondition to command place_design
INFO: [DRC 23-27] Running DRC with 2 threads
INFO: [Vivado_Tcl 4-198] DRC finished with 0 Errors
INFO: [Vivado_Tcl 4-199] Please refer to the DRC report (report_drc) for more information.

Starting Placer Task
INFO: [Place 30-611] Multithreading enabled for place_design using a maximum of 2 CPUs

Phase 1 Placer Initialization

Phase 1.1 Placer Initialization Netlist Sorting
Netlist sorting complete. Time (s): cpu = 00:00:00 ; elapsed = 00:00:00.003 . Memory (MB): peak = 1763.340 ; gain = 0.000
Phase 1.1 Placer Initialization Netlist Sorting | Checksum: 81a7453a

Time (s): cpu = 00:00:00 ; elapsed = 00:00:00.009 . Memory (MB): peak = 1763.340 ; gain = 0.000
Netlist sorting complete. Time (s): cpu = 00:00:00 ; elapsed = 00:00:00.002 . Memory (MB): peak = 1763.340 ; gain = 0.000

Phase 1.2 IO Placement/ Clock Placement/ Build Placer Device
Phase 1.2 IO Placement/ Clock Placement/ Build Placer Device | Checksum: 1a49cbc91

Time (s): cpu = 00:00:01 ; elapsed = 00:00:00.838 . Memory (MB): peak = 1763.340 ; gain = 0.000

Phase 1.3 Build Placer Netlist Model
Phase 1.3 Build Placer Netlist Model | Checksum: 1d333d326

Time (s): cpu = 00:00:02 ; elapsed = 00:00:02 . Memory (MB): peak = 1763.340 ; gain = 0.000

Phase 1.4 Constrain Clocks/Macros
Phase 1.4 Constrain Clocks/Macros | Checksum: 1d333d326

Time (s): cpu = 00:00:02 ; elapsed = 00:00:02 . Memory (MB): peak = 1763.340 ; gain = 0.000
Phase 1 Placer Initialization | Checksum: 1d333d326

Time (s): cpu = 00:00:02 ; elapsed = 00:00:02 . Memory (MB): peak = 1763.340 ; gain = 0.000

Phase 2 Global Placement

Phase 2.1 Floorplanning
Phase 2.1 Floorplanning | Checksum: 29d639e97

Time (s): cpu = 00:00:02 ; elapsed = 00:00:02 . Memory (MB): peak = 1763.340 ; gain = 0.000

Phase 2.2 Update Timing before SLR Path Opt
Phase 2.2 Update Timing before SLR Path Opt | Checksum: 23050b3b3

Time (s): cpu = 00:00:02 ; elapsed = 00:00:02 . Memory (MB): peak = 1763.340 ; gain = 0.000

Phase 2.3 Post-Processing in Floorplanning
Phase 2.3 Post-Processing in Floorplanning | Checksum: 23050b3b3

Time (s): cpu = 00:00:02 ; elapsed = 00:00:02 . Memory (MB): peak = 1763.340 ; gain = 0.000

Phase 2.4 Global Placement Core

Phase 2.4.1 Physical Synthesis In Placer
INFO: [Physopt 32-1035] Found 0 LUTNM shape to break, 102 LUT instances to create LUTNM shape
INFO: [Physopt 32-1044] Break lutnm for timing: one critical 0, two critical 0, total 0, new lutff created 0
INFO: [Physopt 32-1138] End 1 Pass. Optimized 28 nets or LUTs. Breaked 0 LUT, combined 28 existing LUTs and moved 0 existing LUT
INFO: [Physopt 32-65] No nets found for high-fanout optimization.
INFO: [Physopt 32-232] Optimized 0 net. Created 0 new instance.
INFO: [Physopt 32-775] End 1 Pass. Optimized 0 net or cell. Created 0 new cell, deleted 0 existing cell and moved 0 existing cell
INFO: [Physopt 32-670] No setup violation found.  DSP Register Optimization was not performed.
INFO: [Physopt 32-670] No setup violation found.  Shift Register to Pipeline Optimization was not performed.
INFO: [Physopt 32-670] No setup violation found.  Shift Register Optimization was not performed.
INFO: [Physopt 32-670] No setup violation found.  BRAM Register Optimization was not performed.
INFO: [Physopt 32-670] No setup violation found.  URAM Register Optimization was not performed.
INFO: [Physopt 32-949] No candidate nets found for dynamic/static region interface net replication
INFO: [Physopt 32-775] End 1 Pass. Optimized 0 net or cell. Created 0 new cell, deleted 0 existing cell and moved 0 existing cell
Netlist sorting complete. Time (s): cpu = 00:00:00 ; elapsed = 00:00:00.003 . Memory (MB): peak = 1763.340 ; gain = 0.000

Summary of Physical Synthesis Optimizations
============================================


-----------------------------------------------------------------------------------------------------------------------------------------------------------
|  Optimization                                     |  Added Cells  |  Removed Cells  |  Optimized Cells/Nets  |  Dont Touch  |  Iterations  |  Elapsed   |
-----------------------------------------------------------------------------------------------------------------------------------------------------------
|  LUT Combining                                    |            0  |             28  |                    28  |           0  |           1  |  00:00:00  |
|  Retime                                           |            0  |              0  |                     0  |           0  |           1  |  00:00:00  |
|  Very High Fanout                                 |            0  |              0  |                     0  |           0  |           1  |  00:00:00  |
|  DSP Register                                     |            0  |              0  |                     0  |           0  |           0  |  00:00:00  |
|  Shift Register to Pipeline                       |            0  |              0  |                     0  |           0  |           0  |  00:00:00  |
|  Shift Register                                   |            0  |              0  |                     0  |           0  |           0  |  00:00:00  |
|  BRAM Register                                    |            0  |              0  |                     0  |           0  |           0  |  00:00:00  |
|  URAM Register                                    |            0  |              0  |                     0  |           0  |           0  |  00:00:00  |
|  Dynamic/Static Region Interface Net Replication  |            0  |              0  |                     0  |           0  |           1  |  00:00:00  |
|  Total                                            |            0  |             28  |                    28  |           0  |           4  |  00:00:00  |
-----------------------------------------------------------------------------------------------------------------------------------------------------------


Phase 2.4.1 Physical Synthesis In Placer | Checksum: 10017cfaa

Time (s): cpu = 00:00:07 ; elapsed = 00:00:06 . Memory (MB): peak = 1763.340 ; gain = 0.000
Phase 2.4 Global Placement Core | Checksum: 162e4ef4d

Time (s): cpu = 00:00:07 ; elapsed = 00:00:06 . Memory (MB): peak = 1763.340 ; gain = 0.000
Phase 2 Global Placement | Checksum: 162e4ef4d

Time (s): cpu = 00:00:07 ; elapsed = 00:00:06 . Memory (MB): peak = 1763.340 ; gain = 0.000

Phase 3 Detail Placement

Phase 3.1 Commit Multi Column Macros
Phase 3.1 Commit Multi Column Macros | Checksum: e227413e

Time (s): cpu = 00:00:08 ; elapsed = 00:00:06 . Memory (MB): peak = 1763.340 ; gain = 0.000

Phase 3.2 Commit Most Macros & LUTRAMs
Phase 3.2 Commit Most Macros & LUTRAMs | Checksum: 10c265b8d

Time (s): cpu = 00:00:08 ; elapsed = 00:00:07 . Memory (MB): peak = 1763.340 ; gain = 0.000

Phase 3.3 Area Swap Optimization
Phase 3.3 Area Swap Optimization | Checksum: aa95d1d2

Time (s): cpu = 00:00:08 ; elapsed = 00:00:07 . Memory (MB): peak = 1763.340 ; gain = 0.000

Phase 3.4 Pipeline Register Optimization
Phase 3.4 Pipeline Register Optimization | Checksum: 82f06d83

Time (s): cpu = 00:00:08 ; elapsed = 00:00:07 . Memory (MB): peak = 1763.340 ; gain = 0.000

Phase 3.5 Fast Optimization
Phase 3.5 Fast Optimization | Checksum: 4a0e4a4b

Time (s): cpu = 00:00:09 ; elapsed = 00:00:08 . Memory (MB): peak = 1763.340 ; gain = 0.000

Phase 3.6 Small Shape Detail Placement
Phase 3.6 Small Shape Detail Placement | Checksum: 8ff82a7f

Time (s): cpu = 00:00:10 ; elapsed = 00:00:09 . Memory (MB): peak = 1763.340 ; gain = 0.000

Phase 3.7 Re-assign LUT pins
Phase 3.7 Re-assign LUT pins | Checksum: 16ba5b2fa

Time (s): cpu = 00:00:10 ; elapsed = 00:00:09 . Memory (MB): peak = 1763.340 ; gain = 0.000

Phase 3.8 Pipeline Register Optimization
Phase 3.8 Pipeline Register Optimization | Checksum: 153485ba9

Time (s): cpu = 00:00:10 ; elapsed = 00:00:09 . Memory (MB): peak = 1763.340 ; gain = 0.000
Phase 3 Detail Placement | Checksum: 153485ba9

Time (s): cpu = 00:00:10 ; elapsed = 00:00:09 . Memory (MB): peak = 1763.340 ; gain = 0.000

Phase 4 Post Placement Optimization and Clean-Up

Phase 4.1 Post Commit Optimization
INFO: [Timing 38-35] Done setting XDC timing constraints.

Phase 4.1.1 Post Placement Optimization
Post Placement Optimization Initialization | Checksum: 18915778d

Phase 4.1.1.1 BUFG Insertion

Starting Physical Synthesis Task

Phase 1 Physical Synthesis Initialization
INFO: [Physopt 32-721] Multithreading enabled for phys_opt_design using a maximum of 2 CPUs
INFO: [Physopt 32-619] Estimated Timing Summary | WNS=0.028 | TNS=0.000 |
Phase 1 Physical Synthesis Initialization | Checksum: 106302f47

Time (s): cpu = 00:00:01 ; elapsed = 00:00:00.067 . Memory (MB): peak = 1763.340 ; gain = 0.000
INFO: [Place 46-56] BUFG insertion identified 0 candidate nets. Inserted BUFG: 0, Replicated BUFG Driver: 0, Skipped due to Placement/Routing Conflicts: 0, Skipped due to Timing Degradation: 0, Skipped due to Illegal Netlist: 0.
Ending Physical Synthesis Task | Checksum: 1c65e170d

Time (s): cpu = 00:00:01 ; elapsed = 00:00:00.078 . Memory (MB): peak = 1763.340 ; gain = 0.000
Phase 4.1.1.1 BUFG Insertion | Checksum: 18915778d

Time (s): cpu = 00:00:12 ; elapsed = 00:00:10 . Memory (MB): peak = 1763.340 ; gain = 0.000

Phase 4.1.1.2 Post Placement Timing Optimization
INFO: [Place 30-746] Post Placement Timing Summary WNS=0.506. For the most accurate timing information please run report_timing.
Phase 4.1.1.2 Post Placement Timing Optimization | Checksum: ca46b565

Time (s): cpu = 00:00:13 ; elapsed = 00:00:11 . Memory (MB): peak = 1763.340 ; gain = 0.000

Time (s): cpu = 00:00:13 ; elapsed = 00:00:11 . Memory (MB): peak = 1763.340 ; gain = 0.000
Phase 4.1 Post Commit Optimization | Checksum: ca46b565

Time (s): cpu = 00:00:13 ; elapsed = 00:00:11 . Memory (MB): peak = 1763.340 ; gain = 0.000

Phase 4.2 Post Placement Cleanup
Phase 4.2 Post Placement Cleanup | Checksum: ca46b565

Time (s): cpu = 00:00:13 ; elapsed = 00:00:11 . Memory (MB): peak = 1763.340 ; gain = 0.000

Phase 4.3 Placer Reporting

Phase 4.3.1 Print Estimated Congestion
INFO: [Place 30-612] Post-Placement Estimated Congestion 
 ____________________________________________________
|           | Global Congestion | Short Congestion  |
| Direction | Region Size       | Region Size       |
|___________|___________________|___________________|
|      North|                1x1|                1x1|
|___________|___________________|___________________|
|      South|                1x1|                2x2|
|___________|___________________|___________________|
|       East|                1x1|                1x1|
|___________|___________________|___________________|
|       West|                1x1|                1x1|
|___________|___________________|___________________|

Phase 4.3.1 Print Estimated Congestion | Checksum: ca46b565

Time (s): cpu = 00:00:13 ; elapsed = 00:00:11 . Memory (MB): peak = 1763.340 ; gain = 0.000
Phase 4.3 Placer Reporting | Checksum: ca46b565

Time (s): cpu = 00:00:13 ; elapsed = 00:00:11 . Memory (MB): peak = 1763.340 ; gain = 0.000

Phase 4.4 Final Placement Cleanup
Netlist sorting complete. Time (s): cpu = 00:00:00 ; elapsed = 00:00:00.003 . Memory (MB): peak = 1763.340 ; gain = 0.000

Time (s): cpu = 00:00:13 ; elapsed = 00:00:11 . Memory (MB): peak = 1763.340 ; gain = 0.000
Phase 4 Post Placement Optimization and Clean-Up | Checksum: b4c2f3e7

Time (s): cpu = 00:00:13 ; elapsed = 00:00:11 . Memory (MB): peak = 1763.340 ; gain = 0.000
Ending Placer Task | Checksum: 9a8f76e1

Time (s): cpu = 00:00:13 ; elapsed = 00:00:11 . Memory (MB): peak = 1763.340 ; gain = 0.000
INFO: [Common 17-83] Releasing license: Implementation
92 Infos, 0 Warnings, 0 Critical Warnings and 0 Errors encountered.
place_design completed successfully
place_design: Time (s): cpu = 00:00:15 ; elapsed = 00:00:12 . Memory (MB): peak = 1763.340 ; gain = 0.000
INFO: [Timing 38-480] Writing timing data to binary archive.
Writing placer database...
Writing XDEF routing.
Writing XDEF routing logical nets.
Writing XDEF routing special nets.
Write XDEF Complete: Time (s): cpu = 00:00:01 ; elapsed = 00:00:00.349 . Memory (MB): peak = 1763.340 ; gain = 0.000
INFO: [Common 17-1381] The checkpoint 'D:/File/NTHU/2A/verilog/G14_Final_project/G14_Final_project.runs/impl_1/Top_placed.dcp' has been generated.
INFO: [runtcl-4] Executing : report_io -file Top_io_placed.rpt
report_io: Time (s): cpu = 00:00:00 ; elapsed = 00:00:00.049 . Memory (MB): peak = 1763.340 ; gain = 0.000
INFO: [runtcl-4] Executing : report_utilization -file Top_utilization_placed.rpt -pb Top_utilization_placed.pb
INFO: [runtcl-4] Executing : report_control_sets -verbose -file Top_control_sets_placed.rpt
report_control_sets: Time (s): cpu = 00:00:00 ; elapsed = 00:00:00.005 . Memory (MB): peak = 1763.340 ; gain = 0.000
Command: phys_opt_design
Attempting to get a license for feature 'Implementation' and/or device 'xc7a35t'
INFO: [Common 17-349] Got license for feature 'Implementation' and/or device 'xc7a35t'
INFO: [Vivado_Tcl 4-383] Design worst setup slack (WNS) is greater than or equal to 0.000 ns. Skipping all physical synthesis optimizations.
INFO: [Vivado_Tcl 4-232] No setup violation found. The netlist was not modified.
INFO: [Common 17-83] Releasing license: Implementation
101 Infos, 0 Warnings, 0 Critical Warnings and 0 Errors encountered.
phys_opt_design completed successfully
INFO: [Timing 38-480] Writing timing data to binary archive.
Writing placer database...
Writing XDEF routing.
Writing XDEF routing logical nets.
Writing XDEF routing special nets.
Write XDEF Complete: Time (s): cpu = 00:00:01 ; elapsed = 00:00:00.337 . Memory (MB): peak = 1763.340 ; gain = 0.000
INFO: [Common 17-1381] The checkpoint 'D:/File/NTHU/2A/verilog/G14_Final_project/G14_Final_project.runs/impl_1/Top_physopt.dcp' has been generated.
Command: route_design
Attempting to get a license for feature 'Implementation' and/or device 'xc7a35t'
INFO: [Common 17-349] Got license for feature 'Implementation' and/or device 'xc7a35t'
Running DRC as a precondition to command route_design
INFO: [DRC 23-27] Running DRC with 2 threads
INFO: [Vivado_Tcl 4-198] DRC finished with 0 Errors
INFO: [Vivado_Tcl 4-199] Please refer to the DRC report (report_drc) for more information.


Starting Routing Task
INFO: [Route 35-254] Multithreading enabled for route_design using a maximum of 2 CPUs
Checksum: PlaceDB: 59524c08 ConstDB: 0 ShapeSum: 413d2ad9 RouteDB: 0

Phase 1 Build RT Design
Phase 1 Build RT Design | Checksum: 5a4f9239

Time (s): cpu = 00:00:17 ; elapsed = 00:00:15 . Memory (MB): peak = 1802.543 ; gain = 39.203
Post Restoration Checksum: NetGraph: 29e69554 NumContArr: 3068fce5 Constraints: 0 Timing: 0

Phase 2 Router Initialization

Phase 2.1 Create Timer
Phase 2.1 Create Timer | Checksum: 5a4f9239

Time (s): cpu = 00:00:17 ; elapsed = 00:00:15 . Memory (MB): peak = 1802.543 ; gain = 39.203

Phase 2.2 Fix Topology Constraints
Phase 2.2 Fix Topology Constraints | Checksum: 5a4f9239

Time (s): cpu = 00:00:17 ; elapsed = 00:00:15 . Memory (MB): peak = 1808.539 ; gain = 45.199

Phase 2.3 Pre Route Cleanup
Phase 2.3 Pre Route Cleanup | Checksum: 5a4f9239

Time (s): cpu = 00:00:17 ; elapsed = 00:00:15 . Memory (MB): peak = 1808.539 ; gain = 45.199
 Number of Nodes with overlaps = 0

Phase 2.4 Update Timing
Phase 2.4 Update Timing | Checksum: 12032e403

Time (s): cpu = 00:00:19 ; elapsed = 00:00:17 . Memory (MB): peak = 1817.477 ; gain = 54.137
INFO: [Route 35-416] Intermediate Timing Summary | WNS=0.729  | TNS=0.000  | WHS=-0.082 | THS=-4.933 |

Phase 2 Router Initialization | Checksum: 178e1761c

Time (s): cpu = 00:00:19 ; elapsed = 00:00:17 . Memory (MB): peak = 1824.828 ; gain = 61.488

Router Utilization Summary
  Global Vertical Routing Utilization    = 0.00143506 %
  Global Horizontal Routing Utilization  = 0.00130141 %
  Routable Net Status*
  *Does not include unroutable nets such as driverless and loadless.
  Run report_route_status for detailed report.
  Number of Failed Nets               = 3342
    (Failed Nets is the sum of unrouted and partially routed nets)
  Number of Unrouted Nets             = 3342
  Number of Partially Routed Nets     = 0
  Number of Node Overlaps             = 0


Phase 3 Initial Routing

Phase 3.1 Global Routing
Phase 3.1 Global Routing | Checksum: 178e1761c

Time (s): cpu = 00:00:19 ; elapsed = 00:00:17 . Memory (MB): peak = 1827.352 ; gain = 64.012
Phase 3 Initial Routing | Checksum: 15f727ad7

Time (s): cpu = 00:00:21 ; elapsed = 00:00:18 . Memory (MB): peak = 1828.039 ; gain = 64.699

Phase 4 Rip-up And Reroute

Phase 4.1 Global Iteration 0
 Number of Nodes with overlaps = 935
 Number of Nodes with overlaps = 310
 Number of Nodes with overlaps = 192
 Number of Nodes with overlaps = 103
 Number of Nodes with overlaps = 63
 Number of Nodes with overlaps = 44
 Number of Nodes with overlaps = 18
 Number of Nodes with overlaps = 12
 Number of Nodes with overlaps = 4
 Number of Nodes with overlaps = 1
 Number of Nodes with overlaps = 1
 Number of Nodes with overlaps = 0
INFO: [Route 35-416] Intermediate Timing Summary | WNS=0.185  | TNS=0.000  | WHS=N/A    | THS=N/A    |

Phase 4.1 Global Iteration 0 | Checksum: 1a44096fa

Time (s): cpu = 00:00:29 ; elapsed = 00:00:24 . Memory (MB): peak = 1828.039 ; gain = 64.699
Phase 4 Rip-up And Reroute | Checksum: 1a44096fa

Time (s): cpu = 00:00:29 ; elapsed = 00:00:24 . Memory (MB): peak = 1828.039 ; gain = 64.699

Phase 5 Delay and Skew Optimization

Phase 5.1 Delay CleanUp

Phase 5.1.1 Update Timing
Phase 5.1.1 Update Timing | Checksum: 11fbe0aac

Time (s): cpu = 00:00:29 ; elapsed = 00:00:24 . Memory (MB): peak = 1828.039 ; gain = 64.699
INFO: [Route 35-416] Intermediate Timing Summary | WNS=0.192  | TNS=0.000  | WHS=N/A    | THS=N/A    |

Phase 5.1 Delay CleanUp | Checksum: 11fbe0aac

Time (s): cpu = 00:00:29 ; elapsed = 00:00:24 . Memory (MB): peak = 1828.039 ; gain = 64.699

Phase 5.2 Clock Skew Optimization
Phase 5.2 Clock Skew Optimization | Checksum: 11fbe0aac

Time (s): cpu = 00:00:29 ; elapsed = 00:00:24 . Memory (MB): peak = 1828.039 ; gain = 64.699
Phase 5 Delay and Skew Optimization | Checksum: 11fbe0aac

Time (s): cpu = 00:00:29 ; elapsed = 00:00:24 . Memory (MB): peak = 1828.039 ; gain = 64.699

Phase 6 Post Hold Fix

Phase 6.1 Hold Fix Iter

Phase 6.1.1 Update Timing
Phase 6.1.1 Update Timing | Checksum: 19c4e306d

Time (s): cpu = 00:00:29 ; elapsed = 00:00:24 . Memory (MB): peak = 1828.039 ; gain = 64.699
INFO: [Route 35-416] Intermediate Timing Summary | WNS=0.192  | TNS=0.000  | WHS=0.165  | THS=0.000  |

Phase 6.1 Hold Fix Iter | Checksum: 11a7218f9

Time (s): cpu = 00:00:29 ; elapsed = 00:00:24 . Memory (MB): peak = 1828.039 ; gain = 64.699
Phase 6 Post Hold Fix | Checksum: 11a7218f9

Time (s): cpu = 00:00:29 ; elapsed = 00:00:24 . Memory (MB): peak = 1828.039 ; gain = 64.699

Phase 7 Route finalize

Router Utilization Summary
  Global Vertical Routing Utilization    = 1.53345 %
  Global Horizontal Routing Utilization  = 1.77173 %
  Routable Net Status*
  *Does not include unroutable nets such as driverless and loadless.
  Run report_route_status for detailed report.
  Number of Failed Nets               = 0
    (Failed Nets is the sum of unrouted and partially routed nets)
  Number of Unrouted Nets             = 0
  Number of Partially Routed Nets     = 0
  Number of Node Overlaps             = 0

Phase 7 Route finalize | Checksum: 159bf65c6

Time (s): cpu = 00:00:30 ; elapsed = 00:00:25 . Memory (MB): peak = 1828.039 ; gain = 64.699

Phase 8 Verifying routed nets

 Verification completed successfully
Phase 8 Verifying routed nets | Checksum: 159bf65c6

Time (s): cpu = 00:00:30 ; elapsed = 00:00:25 . Memory (MB): peak = 1828.051 ; gain = 64.711

Phase 9 Depositing Routes
Phase 9 Depositing Routes | Checksum: 15de8344c

Time (s): cpu = 00:00:30 ; elapsed = 00:00:25 . Memory (MB): peak = 1828.051 ; gain = 64.711

Phase 10 Post Router Timing
INFO: [Route 35-57] Estimated Timing Summary | WNS=0.192  | TNS=0.000  | WHS=0.165  | THS=0.000  |

INFO: [Route 35-327] The final timing numbers are based on the router estimated timing analysis. For a complete and accurate timing signoff, please run report_timing_summary.
Phase 10 Post Router Timing | Checksum: 15de8344c

Time (s): cpu = 00:00:30 ; elapsed = 00:00:25 . Memory (MB): peak = 1828.051 ; gain = 64.711
INFO: [Route 35-16] Router Completed Successfully

Time (s): cpu = 00:00:30 ; elapsed = 00:00:25 . Memory (MB): peak = 1828.051 ; gain = 64.711

Routing Is Done.
INFO: [Common 17-83] Releasing license: Implementation
116 Infos, 0 Warnings, 0 Critical Warnings and 0 Errors encountered.
route_design completed successfully
route_design: Time (s): cpu = 00:00:33 ; elapsed = 00:00:27 . Memory (MB): peak = 1828.051 ; gain = 64.711
INFO: [Timing 38-480] Writing timing data to binary archive.
Writing placer database...
Writing XDEF routing.
Writing XDEF routing logical nets.
Writing XDEF routing special nets.
Write XDEF Complete: Time (s): cpu = 00:00:02 ; elapsed = 00:00:00.482 . Memory (MB): peak = 1845.480 ; gain = 17.430
INFO: [Common 17-1381] The checkpoint 'D:/File/NTHU/2A/verilog/G14_Final_project/G14_Final_project.runs/impl_1/Top_routed.dcp' has been generated.
INFO: [runtcl-4] Executing : report_drc -file Top_drc_routed.rpt -pb Top_drc_routed.pb -rpx Top_drc_routed.rpx
Command: report_drc -file Top_drc_routed.rpt -pb Top_drc_routed.pb -rpx Top_drc_routed.rpx
INFO: [IP_Flow 19-1839] IP Catalog is up to date.
INFO: [DRC 23-27] Running DRC with 2 threads
INFO: [Vivado_Tcl 2-168] The results of DRC are in file D:/File/NTHU/2A/verilog/G14_Final_project/G14_Final_project.runs/impl_1/Top_drc_routed.rpt.
report_drc completed successfully
INFO: [runtcl-4] Executing : report_methodology -file Top_methodology_drc_routed.rpt -pb Top_methodology_drc_routed.pb -rpx Top_methodology_drc_routed.rpx
Command: report_methodology -file Top_methodology_drc_routed.rpt -pb Top_methodology_drc_routed.pb -rpx Top_methodology_drc_routed.rpx
INFO: [Timing 38-35] Done setting XDC timing constraints.
INFO: [DRC 23-133] Running Methodology with 2 threads
INFO: [Vivado_Tcl 2-1520] The results of Report Methodology are in file D:/File/NTHU/2A/verilog/G14_Final_project/G14_Final_project.runs/impl_1/Top_methodology_drc_routed.rpt.
report_methodology completed successfully
INFO: [runtcl-4] Executing : report_power -file Top_power_routed.rpt -pb Top_power_summary_routed.pb -rpx Top_power_routed.rpx
Command: report_power -file Top_power_routed.rpt -pb Top_power_summary_routed.pb -rpx Top_power_routed.rpx
INFO: [Timing 38-35] Done setting XDC timing constraints.
Running Vector-less Activity Propagation...

Finished Running Vector-less Activity Propagation
128 Infos, 0 Warnings, 0 Critical Warnings and 0 Errors encountered.
report_power completed successfully
INFO: [runtcl-4] Executing : report_route_status -file Top_route_status.rpt -pb Top_route_status.pb
INFO: [runtcl-4] Executing : report_timing_summary -max_paths 10 -file Top_timing_summary_routed.rpt -pb Top_timing_summary_routed.pb -rpx Top_timing_summary_routed.rpx -warn_on_violation 
INFO: [Timing 38-91] UpdateTimingParams: Speed grade: -1, Delay Type: min_max.
INFO: [Timing 38-191] Multithreading enabled for timing update using a maximum of 2 CPUs
INFO: [runtcl-4] Executing : report_incremental_reuse -file Top_incremental_reuse_routed.rpt
INFO: [Vivado_Tcl 4-1062] Incremental flow is disabled. No incremental reuse Info to report.
INFO: [runtcl-4] Executing : report_clock_utilization -file Top_clock_utilization_routed.rpt
INFO: [runtcl-4] Executing : report_bus_skew -warn_on_violation -file Top_bus_skew_routed.rpt -pb Top_bus_skew_routed.pb -rpx Top_bus_skew_routed.rpx
INFO: [Timing 38-91] UpdateTimingParams: Speed grade: -1, Delay Type: min_max.
INFO: [Timing 38-191] Multithreading enabled for timing update using a maximum of 2 CPUs
Command: write_bitstream -force Top.bit
Attempting to get a license for feature 'Implementation' and/or device 'xc7a35t'
INFO: [Common 17-349] Got license for feature 'Implementation' and/or device 'xc7a35t'
Running DRC as a precondition to command write_bitstream
INFO: [IP_Flow 19-1839] IP Catalog is up to date.
INFO: [DRC 23-27] Running DRC with 2 threads
INFO: [Vivado 12-3199] DRC finished with 0 Errors
INFO: [Vivado 12-3200] Please refer to the DRC report (report_drc) for more information.
INFO: [Designutils 20-2272] Running write_bitstream with 2 threads.
Loading data files...
Loading site data...
Loading route data...
Processing options...
Creating bitmap...
Creating bitstream...
Bitstream compression saved 10410400 bits.
Writing bitstream ./Top.bit...
INFO: [Vivado 12-1842] Bitgen Completed Successfully.
INFO: [#UNDEF] WebTalk data collection is mandatory when using a WebPACK part without a full Vivado license. To see the specific WebTalk data collected for your design, open the usage_statistics_webtalk.html or usage_statistics_webtalk.xml file in the implementation directory.
INFO: [Common 17-186] 'D:/File/NTHU/2A/verilog/G14_Final_project/G14_Final_project.runs/impl_1/usage_statistics_webtalk.xml' has been successfully sent to Xilinx on Mon Jan 17 03:43:57 2022. For additional details about this file, please refer to the WebTalk help file at D:/Xilinx/Vivado/2021.1/doc/webtalk_introduction.html.
INFO: [Common 17-83] Releasing license: Implementation
13 Infos, 0 Warnings, 0 Critical Warnings and 0 Errors encountered.
write_bitstream completed successfully
write_bitstream: Time (s): cpu = 00:00:17 ; elapsed = 00:00:20 . Memory (MB): peak = 2315.125 ; gain = 456.461
INFO: [Common 17-206] Exiting Vivado at Mon Jan 17 03:43:57 2022...
