#-----------------------------------------------------------
# Vivado v2021.1 (64-bit)
# SW Build 3247384 on Thu Jun 10 19:36:33 MDT 2021
# IP Build 3246043 on Fri Jun 11 00:30:35 MDT 2021
# Start of session at: Mon Jan 17 17:05:26 2022
# Process ID: 24588
# Current directory: D:/File/NTHU/2A/verilog/G14_Final_project
# Command line: vivado.exe -gui_launcher_event rodinguilauncherevent21464 D:\File\NTHU\2A\verilog\G14_Final_project\G14_Final_project.xpr
# Log file: D:/File/NTHU/2A/verilog/G14_Final_project/vivado.log
# Journal file: D:/File/NTHU/2A/verilog/G14_Final_project\vivado.jou
#-----------------------------------------------------------
start_gui
open_project D:/File/NTHU/2A/verilog/G14_Final_project/G14_Final_project.xpr
Scanning sources...
Finished scanning sources
INFO: [IP_Flow 19-234] Refreshing IP repositories
INFO: [IP_Flow 19-1704] NINFO: [Common 17-206] Exiting VivINFO: [IP_Flow 19-2313] Loaded Vivado IP repository 'D:/Xilinx/Vivado/2021.1/data/ip'.
open_project: Time (s): cpu = 00:00:24 ; elapsed = 00:01:12 . Memory (MB): peak = 1096.809 ; gain = 0.000
update_compile_order -fileset sources_1
exit
INFO: [Common 17-206] Exiting Vivado at Mon Jan 17 17:08:43 2022...
